[I 2026-06-09 22:59:29,741] Trial 29 finished with value: 0.9798838283657793 and parameters: {'n_da': 52, 'n_steps': 5, 'gamma': 1.6348693909535048, 'n_independent': 3, 'n_shared': 4, 'momentum': 0.0174144083235135, 'lambda_sparse': 1.2084706495187661e-05, 'clip_value': 1.5967712789117328, 'lr': 0.0002478520766525668, 'weight_decay': 4.66778401581171e-05, 'batch_size': 1024, 'virtual_batch_size': 256, 'max_epochs': 56}. Best is trial 21 with value: 0.9941578202634862.
Best trial: 21. Best value: 0.994158: 100%|███████████████████████████████████████████████████████████████████████████████████████████████| 30/30 [6:02:59<00:00, 725.99s/it]

============================================================
BEST HYPERPARAMETERS FOUND
============================================================
Best validation AUC: 0.994158
  • n_da: 56
  • n_steps: 10
  • gamma: 1.9791715302771704
  • n_independent: 2
  • n_shared: 3
  • momentum: 0.06315153770265473
  • lambda_sparse: 1.1555751696611154e-06
  • clip_value: 0.9587981205495992
  • lr: 0.006180489033395728
  • weight_decay: 7.019218799818284e-05
  • batch_size: 256
  • virtual_batch_size: 512
  • max_epochs: 41

✓ Optuna study saved to 'tabnet_bayesian/optuna_study.pkl' with 30 trials
✓ Best hyperparameters saved to 'tabnet_bayesian/best_hyperparameters.csv'

============================================================
BUILDING FINAL TABNET MODEL WITH BEST HYPERPARAMETERS
============================================================
✓ Final TabNet model created with best hyperparameters

============================================================
TRAINING FINAL TABNET MODEL
============================================================

Early stopping occurred at epoch 36 with best_epoch = 24 and best_val_weighted_auc = 0.99361

✓ Final model training completed

============================================================
MASK VISUALIZATION (FEATURE SELECTION MASKS) - DATA TEST
============================================================

Jumlah sampel data test untuk visualisasi mask: 4553
Jumlah fitur: 23
Jumlah decision step TabNet: 10

1. Generating Mask Heatmap for Test Data...
Mengambil attention mask untuk 4553 sampel (test data)...
✓ Global mask heatmap data saved to tabnet_bayesian/test_mask_heatmap.csv
✓ Global mask heatmap saved to tabnet_bayesian/test_mask_heatmap.png

2. Generating Aggregate Mask Importance for Test Data...
✓ Global aggregate mask importance saved to tabnet_bayesian/test_aggregate_mask_importance.csv
✓ Global aggregate mask importance plot saved to tabnet_bayesian/test_aggregate_mask_importance.png

============================================================
COMPARING MASK IMPORTANCE WITH MODEL FEATURE IMPORTANCE
============================================================

Correlation between Mask Importance and Model Feature Importance: 0.8406

Top 10 Features by Mask Importance:
                        Feature  Mask_Importance  Model_Importance
0                  credit_score           0.2063            0.4732
1          credit_limit_used(%)           0.1187            0.2651
2                 prev_defaults           0.1046            0.0445
3           no_of_days_employed           0.0952            0.0366
4                        gender           0.0754            0.0355
5       default_in_last_6months           0.0751            0.0153
6                  credit_limit           0.0563            0.0103
7  total_family_members_missing           0.0467            0.0089
8        migrant_worker_missing           0.0395            0.0053
9          yearly_debt_payments           0.0367            0.0149

Top 10 Features by Model Feature Importance:
                    Feature  Mask_Importance  Model_Importance
0              credit_score           0.2063            0.4732
1      credit_limit_used(%)           0.1187            0.2651
2             prev_defaults           0.1046            0.0445
13                      age           0.0208            0.0410
3       no_of_days_employed           0.0952            0.0366
4                    gender           0.0754            0.0355
15           migrant_worker           0.0097            0.0211
5   default_in_last_6months           0.0751            0.0153
9      yearly_debt_payments           0.0367            0.0149
6              credit_limit           0.0563            0.0103
✓ Importance comparison saved to 'tabnet_bayesian/importance_comparison.png'

============================================================
PLOT MODEL FEATURE IMPORTANCE
============================================================
✓ Model feature importance saved to 'tabnet_bayesian/model_feature_importance.png'
============================================================
GETTING PREDICTIONS (MURNI TABNET)
============================================================

============================================================
EKSTRAKSI LOGITS ASLI TABNET DARI NETWORK
============================================================
✓ Logits asli TabNet berhasil diekstrak langsung dari final_tabnet_model.network
  logits_train_all shape: (36422, 2)
  logits_valid_all shape: (4553, 2)
  logits_test_all shape : (4553, 2)
  Contoh logits asli sampel test 0: [ 8.045218 -7.041231]
  Contoh logit difference sampel test 0: -15.086450
  Maksimum selisih softmax logits vs predict_proba train kelas 1: 0.0000002086
  Maksimum selisih softmax logits vs predict_proba valid kelas 1: 0.0000001490
  Maksimum selisih softmax logits vs predict_proba test kelas 0 : 0.0000001192
  Maksimum selisih softmax logits vs predict_proba test kelas 1 : 0.0000001192

============================================================
SAVING LOGITS ASLI TABNET TO CSV
============================================================
✓ Logits asli train saved to 'tabnet_bayesian/logits_asli_train.csv'
✓ Logits asli valid saved to 'tabnet_bayesian/logits_asli_valid.csv'
✓ Logits asli test saved to 'tabnet_bayesian/logits_asli_test.csv'
✓ Logits asli semua split saved to 'tabnet_bayesian/logits_asli_semua_split.csv'

============================================================
APPLYING CALIBRATION METHODS
============================================================

1. BBQ...
100%|████████████████████████████████████████████████████████████████████████████████████████████████████████████████████████████████████| 166/166 [00:00<00:00, 1570.67it/s]
✓ BBQ applied

2. Temperature Scaling...
✓ Temperature Scaling applied with T = 1.7164

3. Isotonic Regression...
✓ Isotonic Regression applied

============================================================
THRESHOLD OPTIMIZATION FOR TABNET (BEFORE CALIBRATION)
============================================================

Optimizing threshold for pure TabNet...
✓ Optimal threshold for TabNet: 0.88
✓ Best validation F1 for TabNet: 0.837681

============================================================
THRESHOLD SENSITIVITY ANALYSIS - BEFORE CALIBRATION
============================================================

Threshold | Recall | Precision | F1-Score | Accuracy
------------------------------------------------------------
  0.10     | 1.0000  | 0.5048   | 0.6709    | 0.9205
  0.12     | 1.0000  | 0.5146   | 0.6796    | 0.9236
  0.14     | 1.0000  | 0.5197   | 0.6840    | 0.9251
  0.16     | 1.0000  | 0.5279   | 0.6910    | 0.9275
  0.18     | 1.0000  | 0.5294   | 0.6923    | 0.9280
  0.20     | 1.0000  | 0.5325   | 0.6949    | 0.9288
  0.22     | 1.0000  | 0.5387   | 0.7002    | 0.9306
  0.24     | 1.0000  | 0.5411   | 0.7022    | 0.9313
  0.26     | 1.0000  | 0.5434   | 0.7042    | 0.9319
  0.28     | 1.0000  | 0.5491   | 0.7089    | 0.9335
  0.30     | 1.0000  | 0.5541   | 0.7130    | 0.9348
  0.32     | 1.0000  | 0.5557   | 0.7144    | 0.9352
  0.34     | 1.0000  | 0.5608   | 0.7186    | 0.9365
  0.36     | 1.0000  | 0.5625   | 0.7200    | 0.9370
  0.38     | 1.0000  | 0.5660   | 0.7228    | 0.9378
  0.40     | 1.0000  | 0.5730   | 0.7285    | 0.9396
  0.42     | 1.0000  | 0.5775   | 0.7321    | 0.9407
  0.44     | 1.0000  | 0.5793   | 0.7336    | 0.9411
  0.46     | 1.0000  | 0.5839   | 0.7373    | 0.9422
  0.48     | 0.9973  | 0.5869   | 0.7390    | 0.9429
  0.50     | 0.9973  | 0.5907   | 0.7419    | 0.9438
  0.52     | 0.9973  | 0.5916   | 0.7427    | 0.9440
  0.54     | 0.9973  | 0.5964   | 0.7465    | 0.9451
  0.56     | 0.9973  | 0.6013   | 0.7503    | 0.9462
  0.58     | 0.9973  | 0.6063   | 0.7541    | 0.9473
  0.60     | 0.9973  | 0.6144   | 0.7603    | 0.9490
  0.62     | 0.9946  | 0.6199   | 0.7638    | 0.9501
  0.64     | 0.9919  | 0.6256   | 0.7673    | 0.9512
  0.66     | 0.9837  | 0.6248   | 0.7642    | 0.9508
  0.68     | 0.9810  | 0.6373   | 0.7727    | 0.9532
  0.70     | 0.9729  | 0.6539   | 0.7821    | 0.9561
  0.72     | 0.9675  | 0.6673   | 0.7898    | 0.9583
  0.74     | 0.9512  | 0.6776   | 0.7914    | 0.9594
  0.76     | 0.9431  | 0.6905   | 0.7973    | 0.9611
  0.78     | 0.9295  | 0.7072   | 0.8033    | 0.9631
  0.80     | 0.9051  | 0.7245   | 0.8048    | 0.9644
  0.82     | 0.8835  | 0.7512   | 0.8120    | 0.9668
  0.84     | 0.8564  | 0.7980   | 0.8261    | 0.9708
  0.86     | 0.8130  | 0.8547   | 0.8333    | 0.9736
  0.88     | 0.7696  | 0.9251   | 0.8402    | 0.9763 ← OPTIMAL

✓ Threshold sensitivity analysis (before calibration) saved to 'tabnet_bayesian/threshold_sensitivity_analysis_before_calibration.csv'

============================================================
DETERMINE BEST CALIBRATION METHOD
============================================================

ECE test per method:
  • Original TabNet: 0.046801
  • BBQ: 0.000996
  • Temperature Scaling: 0.046562
  • Isotonic Regression: 0.003008

✓ Best calibration method based on test ECE: BBQ

============================================================
OPTIMIZING THRESHOLD FOR BBQ
============================================================
✓ Optimal threshold for BBQ: 0.34
✓ Best validation F1 for BBQ: 0.852713

============================================================
THRESHOLD SENSITIVITY ANALYSIS - AFTER CALIBRATION
============================================================

Threshold | Recall | Precision | F1-Score | Accuracy
------------------------------------------------------------
  0.10     | 0.9919  | 0.6224   | 0.7649    | 0.9506
  0.12     | 0.9919  | 0.6224   | 0.7649    | 0.9506
  0.14     | 0.9919  | 0.6224   | 0.7649    | 0.9506
  0.16     | 0.9919  | 0.6224   | 0.7649    | 0.9506
  0.18     | 0.9919  | 0.6224   | 0.7649    | 0.9506
  0.20     | 0.9919  | 0.6224   | 0.7649    | 0.9506
  0.22     | 0.9756  | 0.6417   | 0.7742    | 0.9539
  0.24     | 0.9621  | 0.6723   | 0.7915    | 0.9589
  0.26     | 0.9621  | 0.6723   | 0.7915    | 0.9589
  0.28     | 0.8835  | 0.7512   | 0.8120    | 0.9668
  0.30     | 0.8835  | 0.7512   | 0.8120    | 0.9668
  0.32     | 0.8591  | 0.7676   | 0.8107    | 0.9675
  0.34     | 0.7534  | 0.9964   | 0.8580    | 0.9798 ← OPTIMAL
  0.36     | 0.7534  | 0.9964   | 0.8580    | 0.9798
  0.38     | 0.7534  | 0.9964   | 0.8580    | 0.9798
  0.40     | 0.7534  | 0.9964   | 0.8580    | 0.9798
  0.42     | 0.7534  | 0.9964   | 0.8580    | 0.9798
  0.44     | 0.7534  | 0.9964   | 0.8580    | 0.9798
  0.46     | 0.7534  | 0.9964   | 0.8580    | 0.9798
  0.48     | 0.7534  | 0.9964   | 0.8580    | 0.9798
  0.50     | 0.7534  | 0.9964   | 0.8580    | 0.9798
  0.52     | 0.7534  | 0.9964   | 0.8580    | 0.9798
  0.54     | 0.7534  | 0.9964   | 0.8580    | 0.9798
  0.56     | 0.7534  | 0.9964   | 0.8580    | 0.9798
  0.58     | 0.7534  | 0.9964   | 0.8580    | 0.9798
  0.60     | 0.7534  | 0.9964   | 0.8580    | 0.9798
  0.62     | 0.7534  | 0.9964   | 0.8580    | 0.9798
  0.64     | 0.7534  | 0.9964   | 0.8580    | 0.9798
  0.66     | 0.7534  | 0.9964   | 0.8580    | 0.9798
  0.68     | 0.7534  | 0.9964   | 0.8580    | 0.9798
  0.70     | 0.7534  | 0.9964   | 0.8580    | 0.9798
  0.72     | 0.7534  | 0.9964   | 0.8580    | 0.9798
  0.74     | 0.7534  | 0.9964   | 0.8580    | 0.9798
  0.76     | 0.7534  | 0.9964   | 0.8580    | 0.9798
  0.78     | 0.7534  | 0.9964   | 0.8580    | 0.9798
  0.80     | 0.7534  | 0.9964   | 0.8580    | 0.9798
  0.82     | 0.7534  | 0.9964   | 0.8580    | 0.9798
  0.84     | 0.7534  | 0.9964   | 0.8580    | 0.9798
  0.86     | 0.7534  | 0.9964   | 0.8580    | 0.9798
  0.88     | 0.7534  | 0.9964   | 0.8580    | 0.9798

✓ Threshold sensitivity analysis (after calibration) saved to 'tabnet_bayesian/threshold_sensitivity_analysis_after_calibration.csv'

============================================================
FINAL PREDICTIONS WITH OPTIMAL THRESHOLDS
============================================================

============================================================
SAVING TEST PREDICTIONS TO CSV
============================================================
✓ Test predictions saved to 'tabnet_bayesian/test_predictions.csv'

============================================================
CONFUSION MATRIX - BEFORE CALIBRATION
============================================================
✓ Confusion matrix before calibration saved to 'tabnet_bayesian/confusion_matrix_before_calibration.png'

============================================================
CONFUSION MATRIX - AFTER CALIBRATION
============================================================
✓ Confusion matrix after calibration saved to 'tabnet_bayesian/confusion_matrix_after_calibration.png'

============================================================
ROC CURVE - BEFORE CALIBRATION
============================================================
✓ ROC curve (before calibration) saved to 'tabnet_bayesian/roc_curve_before_calibration.png'

============================================================
ROC CURVE - AFTER CALIBRATION (BBQ)
============================================================
✓ ROC curve after calibration (BBQ) saved to 'tabnet_bayesian/roc_curve_after_calibration.png'

============================================================
RELIABILITY DIAGRAMS
============================================================
✓ Reliability diagram for Original TabNet saved to 'tabnet_bayesian/reliability_diagram_original_tabnet.png'
✓ Reliability diagram for BBQ saved to 'tabnet_bayesian/reliability_diagram_bbq.png'
✓ Reliability diagram for Temperature Scaling saved to 'tabnet_bayesian/reliability_diagram_temperature_scaling.png'
✓ Reliability diagram for Isotonic Regression saved to 'tabnet_bayesian/reliability_diagram_isotonic_regression.png'

============================================================
CALIBRATION ANALYSIS - COMBINED RELIABILITY DIAGRAMS
============================================================
✓ Calibration analysis (combined) saved to 'tabnet_bayesian/calibration_analysis.png'

============================================================
METRIK EVALUASI
============================================================

========================================
TABNET MURNI - PERFORMANCE METRICS
========================================
  • Accuracy:   0.976279
  • Precision:  0.925081
  • Recall:     0.769648
  • F1-Score:   0.840237
  • ROC AUC:    0.993625
  • Brier Score: 0.036816
  • ECE:        0.046801
  • Optimal Threshold: 0.88

========================================
AFTER KALIBRASI - PERFORMANCE METRICS
========================================
  • Accuracy:   0.979794
  • Precision:  0.996416
  • Recall:     0.753388
  • F1-Score:   0.858025
  • ROC AUC:    0.992498
  • Brier Score: 0.014546
  • ECE:        0.000996
  • Optimal Threshold: 0.34

============================================================
CALIBRATION RESULTS
============================================================

CALIBRATION RESULTS:
             Method      ECE  Brier Score  ECE_Improvement_%  Brier_Improvement_%
    Original TabNet 0.046801     0.036816           0.000000             0.000000
                BBQ 0.000996     0.014546          97.870984            60.490444
Temperature Scaling 0.046562     0.031436           0.511660            14.611956
Isotonic Regression 0.003008     0.014453          93.571726            60.742344

============================================================
SAVING OTHER RESULTS
============================================================
Successfully saved model at tabnet_bayesian/tabnet_model_optimized.zip.zip
✓ All results saved to 'tabnet_bayesian/' directory

============================================================
FINAL SUMMARY
============================================================

STRATEGI YANG DIGUNAKAN:
  • Split ratio: 80-10-10 (dengan stratifikasi)
  • Missing value handling: KNN Imputer (n_neighbors=5)
  • Outlier handling: Winsorization (percentile 1-99)
  • Hyperparameter tuning: Optuna dengan 30 trials (ONLY on training data)
  • Normalization: ONLY on train data (fit_transform), validation/test using transform only
  • Tanpa class weight (standard loss)

OUTLIER HANDLING:
  • Total outliers handled: 4478

DATA SPLIT (80-10-10):
  • Training set: 36422 samples (80.0%)
  • Validation set: 4553 samples (10.0%)
  • Test set: 4553 samples (10.0%)

BEST HYPERPARAMETERS:
  • n_da: 56
  • n_steps: 10
  • gamma: 1.9791715302771704
  • n_independent: 2
  • n_shared: 3
  • momentum: 0.06315153770265473
  • lambda_sparse: 1.1555751696611154e-06
  • clip_value: 0.9587981205495992
  • lr: 0.006180489033395728
  • weight_decay: 7.019218799818284e-05
  • batch_size: 256
  • virtual_batch_size: 512
  • max_epochs: 41

BEST CALIBRATION METHOD:
  • BBQ
  • ECE Improvement: 97.87%
  • Final ECE: 0.000996

TEST SET PERFORMANCE (TABNET MURNI):
  • Accuracy:  0.976279
  • Precision: 0.925081
  • Recall:    0.769648
  • F1-Score:  0.840237
  • ROC AUC:   0.993625
  • ECE:       0.046801

TEST SET PERFORMANCE (AFTER {best_calib_method} CALIBRATION):
  • Accuracy:  0.979794
  • Precision: 0.996416
  • Recall:    0.753388
  • F1-Score:  0.858025
  • ROC AUC:   0.992498
  • ECE:       0.000996

OUTPUT FILES:
  CSV FILES:
  ✓ original_dataset.csv - Original dataset before any processing (ADDED)
  ✓ test_data_before_normalization.csv - Test data BEFORE normalization (ADDED)
  ✓ train_data_before_normalization.csv - Train data BEFORE normalization (ADDED)
  ✓ valid_data_before_normalization.csv - Validation data BEFORE normalization (ADDED)
  ✓ test_data_after_normalization.csv - Test data after normalization
  ✓ train_data_after_normalization.csv - Train data after normalization
  ✓ valid_data_after_normalization.csv - Validation data after normalization
  ✓ processed_dataset.csv - Complete processed dataset
  ✓ data_split_summary.csv - Data split summary
  ✓ logits_asli_train.csv - Logits asli TabNet untuk data train
  ✓ logits_asli_valid.csv - Logits asli TabNet untuk data validasi
  ✓ logits_asli_test.csv - Logits asli TabNet untuk data test
  ✓ logits_asli_semua_split.csv - Gabungan logits asli seluruh split
  ✓ test_predictions.csv - Prediksi lengkap dengan berbagai metode kalibrasi
  ✓ calibration_results.csv - Hasil kalibrasi (ECE dan Brier Score)
  ✓ model_comparison.csv - Perbandingan metrik model (tanpa specificity)
  ✓ feature_importance.csv - Feature importance model TabNet
  ✓ outlier_summary.csv - Ringkasan outlier yang di-handle
  ✓ test_mask_heatmap.csv - Data heatmap mask
  ✓ test_aggregate_mask_importance.csv - Data aggregate mask importance
  ✓ best_hyperparameters.csv - Hyperparameter terbaik Optuna
  ✓ importance_comparison.csv - Perbandingan mask importance vs model importance
  ✓ threshold_sensitivity_analysis_before_calibration.csv - Threshold sensitivity before calibration
  ✓ threshold_sensitivity_analysis_after_calibration.csv - Threshold sensitivity after calibration

  GAMBAR:
  ✓ test_mask_heatmap.png - Heatmap mask
  ✓ test_aggregate_mask_importance.png - Aggregate mask importance
  ✓ importance_comparison.png - Perbandingan mask vs model importance
  ✓ model_feature_importance.png - Model feature importance
  ✓ roc_curve_before_calibration.png - ROC curve sebelum kalibrasi
  ✓ roc_curve_after_calibration.png - ROC curve setelah kalibrasi (BBQ)
  ✓ confusion_matrix_before_calibration.png - Confusion matrix sebelum kalibrasi
  ✓ confusion_matrix_after_calibration.png - Confusion matrix setelah kalibrasi
  ✓ reliability_diagram_original_tabnet.png - Reliability diagram Original TabNet
  ✓ reliability_diagram_bbq.png - Reliability diagram BBQ
  ✓ reliability_diagram_temperature_scaling.png - Reliability diagram Temperature Scaling
  ✓ reliability_diagram_isotonic_regression.png - Reliability diagram Isotonic Regression
  ✓ calibration_analysis.png - Gabungan 4 reliability diagram dalam 1 figure

  MODEL FILES:
  ✓ tabnet_model_optimized.zip - Model TabNet final
  ✓ knn_imputer.pkl - KNN Imputer
  ✓ bbq.pkl - BBQ calibration model
  ✓ temperature_scaling.pkl - Temperature Scaling model
  ✓ isotonic_regression.pkl - Isotonic Regression model
  ✓ scaler.pkl - StandardScaler
  ✓ label_encoders.pkl - Label encoders

============================================================
PROCESSING COMPLETED SUCCESSFULLY
============================================================