[I 2026-06-09 19:50:35,663] Trial 16 finished with value: 0.9939174651582016 and parameters: {'n_da': 56, 'n_steps': 9, 'gamma': 1.9872456645768442, 'n_independent': 2, 'n_shared': 3, 'momentum': 0.06595979157486757, 'lambda_sparse': 1.3652310069263503e-06, 'clip_value': 0.9378529586863766, 'lr': 0.005921422076240331, 'weight_decay': 6.77744214426666e-05, 'batch_size': 256, 'virtual_batch_size': 512, 'max_epochs': 42}. Best is trial 12 with value: 0.9940835169379276.
Best trial: 12. Best value: 0.994084:  57%|████████████████████████████████████████████████████▋                                        | 17/30 [2:54:05<2:47:14, 771.86s/it]
Early stopping occurred at epoch 33 with best_epoch = 23 and best_val_0_auc = 0.99322
[I 2026-06-09 19:57:01,621] Trial 17 finished with value: 0.9932248289408223 and parameters: {'n_da': 48, 'n_steps': 6, 'gamma': 1.8067223965593144, 'n_independent': 1, 'n_shared': 1, 'momentum': 0.12925914134107885, 'lambda_sparse': 4.471348353796995e-06, 'clip_value': 0.640450538298142, 'lr': 0.002155176917064066, 'weight_decay': 2.522513696156739e-05, 'batch_size': 256, 'virtual_batch_size': 512, 'max_epochs': 54}. Best is trial 12 with value: 0.9940835169379276.
Best trial: 12. Best value: 0.994084:  60%|███████████████████████████████████████████████████████▊                                     | 18/30 [3:00:31<2:11:10, 655.90s/it]
Early stopping occurred at epoch 36 with best_epoch = 26 and best_val_0_auc = 0.99373
[I 2026-06-09 20:05:10,688] Trial 18 finished with value: 0.9937307376704938 and parameters: {'n_da': 64, 'n_steps': 3, 'gamma': 1.6614182755160534, 'n_independent': 2, 'n_shared': 3, 'momentum': 0.03731563996743674, 'lambda_sparse': 3.6509483906857285e-05, 'clip_value': 1.9204744351816672, 'lr': 0.006026180023304602, 'weight_decay': 1.0524742602588072e-06, 'batch_size': 256, 'virtual_batch_size': 512, 'max_epochs': 50}. Best is trial 12 with value: 0.9940835169379276.
Best trial: 12. Best value: 0.994084:  63%|██████████████████████████████████████████████████████████▉                                  | 19/30 [3:08:40<1:51:03, 605.80s/it]
Early stopping occurred at epoch 25 with best_epoch = 15 and best_val_0_auc = 0.99217
[I 2026-06-09 20:08:14,506] Trial 19 finished with value: 0.9921671372543953 and parameters: {'n_da': 44, 'n_steps': 6, 'gamma': 1.8553178571712297, 'n_independent': 3, 'n_shared': 2, 'momentum': 0.10451682874966382, 'lambda_sparse': 2.2836794183861246e-06, 'clip_value': 0.5128667793264253, 'lr': 0.0024085474933072427, 'weight_decay': 6.43022906970429e-05, 'batch_size': 1024, 'virtual_batch_size': 256, 'max_epochs': 56}. Best is trial 12 with value: 0.9940835169379276.
Best trial: 12. Best value: 0.994084:  67%|██████████████████████████████████████████████████████████████                               | 20/30 [3:11:44<1:19:51, 479.10s/it]Stop training because you reached max_epochs = 50 with best_epoch = 48 and best_val_0_auc = 0.98924
[I 2026-06-09 20:12:53,689] Trial 20 finished with value: 0.9892357095321475 and parameters: {'n_da': 56, 'n_steps': 4, 'gamma': 1.6218455061590022, 'n_independent': 1, 'n_shared': 1, 'momentum': 0.04957213544879331, 'lambda_sparse': 6.513050536127371e-06, 'clip_value': 0.8482747873208901, 'lr': 0.00010218779051968324, 'weight_decay': 1.0548913643063152e-05, 'batch_size': 256, 'virtual_batch_size': 512, 'max_epochs': 50}. Best is trial 12 with value: 0.9940835169379276.
Best trial: 12. Best value: 0.994084:  70%|█████████████████████████████████████████████████████████████████                            | 21/30 [3:16:23<1:02:51, 419.09s/it]Stop training because you reached max_epochs = 41 with best_epoch = 37 and best_val_0_auc = 0.99416
[I 2026-06-09 21:15:09,951] Trial 21 finished with value: 0.9941578202634862 and parameters: {'n_da': 56, 'n_steps': 10, 'gamma': 1.9791715302771704, 'n_independent': 2, 'n_shared': 3, 'momentum': 0.06315153770265473, 'lambda_sparse': 1.1555751696611154e-06, 'clip_value': 0.9587981205495992, 'lr': 0.006180489033395728, 'weight_decay': 7.019218799818284e-05, 'batch_size': 256, 'virtual_batch_size': 512, 'max_epochs': 41}. Best is trial 21 with value: 0.9941578202634862.
Best trial: 21. Best value: 0.994158:  73%|███████████████████████████████████████████████████████████████████▍                        | 22/30 [4:18:39<3:08:37, 1414.64s/it]
Early stopping occurred at epoch 39 with best_epoch = 29 and best_val_0_auc = 0.9936
[I 2026-06-09 21:56:19,823] Trial 22 finished with value: 0.9936028067273585 and parameters: {'n_da': 56, 'n_steps': 9, 'gamma': 1.9975561961520196, 'n_independent': 2, 'n_shared': 4, 'momentum': 0.01370257247556962, 'lambda_sparse': 1.8421871281094318e-06, 'clip_value': 0.7175822061482134, 'lr': 0.009758701823424372, 'weight_decay': 9.573575807987999e-05, 'batch_size': 256, 'virtual_batch_size': 512, 'max_epochs': 41}. Best is trial 21 with value: 0.9941578202634862.
Best trial: 21. Best value: 0.994158:  77%|██████████████████████████████████████████████████████████████████████▌                     | 23/30 [4:59:49<3:21:59, 1731.29s/it]Stop training because you reached max_epochs = 43 with best_epoch = 37 and best_val_0_auc = 0.99397
[I 2026-06-09 22:12:18,700] Trial 23 finished with value: 0.9939733541813388 and parameters: {'n_da': 48, 'n_steps': 10, 'gamma': 1.8311745050821848, 'n_independent': 1, 'n_shared': 3, 'momentum': 0.05099684404907358, 'lambda_sparse': 1.1304141370823368e-05, 'clip_value': 0.9563972767478129, 'lr': 0.005836173207917865, 'weight_decay': 3.355452670241415e-05, 'batch_size': 256, 'virtual_batch_size': 512, 'max_epochs': 43}. Best is trial 21 with value: 0.9941578202634862.
Best trial: 21. Best value: 0.994158:  80%|█████████████████████████████████████████████████████████████████████████▌                  | 24/30 [5:15:48<2:29:57, 1499.52s/it]
Early stopping occurred at epoch 33 with best_epoch = 23 and best_val_0_auc = 0.99349
[I 2026-06-09 22:27:36,780] Trial 24 finished with value: 0.9934871519858371 and parameters: {'n_da': 60, 'n_steps': 8, 'gamma': 1.9231988916143283, 'n_independent': 2, 'n_shared': 2, 'momentum': 0.13042117272177423, 'lambda_sparse': 1.0477972107458326e-06, 'clip_value': 0.622330569446602, 'lr': 0.0039690487384213624, 'weight_decay': 6.256762426808464e-05, 'batch_size': 256, 'virtual_batch_size': 512, 'max_epochs': 47}. Best is trial 21 with value: 0.9941578202634862.
Best trial: 21. Best value: 0.994158:  83%|████████████████████████████████████████████████████████████████████████████▋               | 25/30 [5:31:06<1:50:25, 1325.06s/it]
Early stopping occurred at epoch 20 with best_epoch = 10 and best_val_0_auc = 0.99153
[I 2026-06-09 22:34:15,046] Trial 25 finished with value: 0.9915287747704673 and parameters: {'n_da': 52, 'n_steps': 9, 'gamma': 1.7493649039826362, 'n_independent': 1, 'n_shared': 3, 'momentum': 0.07541219248163658, 'lambda_sparse': 5.66681251261368e-06, 'clip_value': 1.2205227821209053, 'lr': 0.002419955063909791, 'weight_decay': 2.26512950778546e-05, 'batch_size': 256, 'virtual_batch_size': 512, 'max_epochs': 60}. Best is trial 21 with value: 0.9941578202634862.
Best trial: 21. Best value: 0.994158:  87%|███████████████████████████████████████████████████████████████████████████████▋            | 26/30 [5:37:44<1:09:47, 1047.00s/it]
Early stopping occurred at epoch 22 with best_epoch = 12 and best_val_0_auc = 0.99338
[I 2026-06-09 22:40:16,684] Trial 26 finished with value: 0.9933766661713112 and parameters: {'n_da': 56, 'n_steps': 5, 'gamma': 1.9669779792514317, 'n_independent': 2, 'n_shared': 2, 'momentum': 0.1084931131189332, 'lambda_sparse': 2.5962666474910448e-06, 'clip_value': 0.6178338493406712, 'lr': 0.006943521082945481, 'weight_decay': 3.780228616965742e-05, 'batch_size': 256, 'virtual_batch_size': 512, 'max_epochs': 40}. Best is trial 21 with value: 0.9941578202634862.
Best trial: 21. Best value: 0.994158:  90%|█████████████████████████████████████████████████████████████████████████████████████▌         | 27/30 [5:43:46<42:04, 841.38s/it]
Early stopping occurred at epoch 33 with best_epoch = 23 and best_val_0_auc = 0.99365
[I 2026-06-09 22:47:22,196] Trial 27 finished with value: 0.9936467426068192 and parameters: {'n_da': 48, 'n_steps': 8, 'gamma': 1.8633462909455398, 'n_independent': 1, 'n_shared': 1, 'momentum': 0.16538310985632698, 'lambda_sparse': 2.308345497364463e-05, 'clip_value': 0.8323724525539231, 'lr': 0.007212976837259746, 'weight_decay': 2.9028110327203263e-06, 'batch_size': 256, 'virtual_batch_size': 512, 'max_epochs': 52}. Best is trial 21 with value: 0.9941578202634862.
Best trial: 21. Best value: 0.994158:  93%|████████████████████████████████████████████████████████████████████████████████████████▋      | 28/30 [5:50:52<23:53, 716.61s/it]
Early stopping occurred at epoch 28 with best_epoch = 18 and best_val_0_auc = 0.99333
[I 2026-06-09 22:53:51,472] Trial 28 finished with value: 0.9933262691331063 and parameters: {'n_da': 60, 'n_steps': 6, 'gamma': 1.8026285677086278, 'n_independent': 2, 'n_shared': 3, 'momentum': 0.04740570135700349, 'lambda_sparse': 1.8142028875671986e-06, 'clip_value': 1.0403671751404298, 'lr': 0.004750895069131303, 'weight_decay': 7.408745724224245e-05, 'batch_size': 512, 'virtual_batch_size': 128, 'max_epochs': 45}. Best is trial 21 with value: 0.9941578202634862.
Best trial: 21. Best value: 0.994158:  97%|███████████████████████████████████████████████████████████████████████████████████████████▊   | 29/30 [5:57:21<10:18, 618.41s/it]
Early stopping occurred at epoch 39 with best_epoch = 29 and best_val_0_auc = 0.97988
