✓ Reproducibility set with seed: 123
============================================================
LIBRARIES IMPORTED SUCCESSFULLY
============================================================
PyTorch version: 2.10.0+cpu
NumPy version: 1.26.4
Pandas version: 3.0.1
Reproducibility seed: 123
Output directory: tabnet_bayesian
============================================================
============================================================
LOADING CREDIT CARD DEFAULT DATASET
============================================================
✓ File loaded: credit_card_default.csv
✓ Dataset loaded: (45528, 19)
✓ Target distribution:
credit_card_default
0    41831
1     3697
Name: count, dtype: int64

============================================================
SAVING TEST DATA BEFORE NORMALIZATION
============================================================
✓ Original dataset saved to 'tabnet_bayesian/original_dataset.csv'
  - Shape: (45528, 19)
============================================================
REMOVING IDENTIFIER COLUMNS
============================================================
✓ Removed identifier columns: ['customer_id', 'name']
============================================================
IDENTIFYING COLUMN TYPES
============================================================
✓ Continuous features: ['age', 'net_yearly_income', 'no_of_days_employed', 'total_family_members', 'yearly_debt_payments', 'credit_limit', 'credit_score', 'no_of_children']
✓ Categorical features: ['gender', 'owns_car', 'owns_house', 'occupation_type', 'migrant_worker']
============================================================
HANDLING MISSING VALUES DENGAN KNN IMPUTER
============================================================
✓ Feature 'owns_car' has 547 missing values
✓ Feature 'no_of_children' has 774 missing values
✓ Feature 'no_of_days_employed' has 463 missing values
✓ Feature 'total_family_members' has 83 missing values
✓ Feature 'migrant_worker' has 87 missing values
✓ Feature 'yearly_debt_payments' has 95 missing values
✓ Feature 'credit_score' has 8 missing values
✓ Created missing indicator: owns_car_missing
✓ Created missing indicator: no_of_children_missing
✓ Created missing indicator: no_of_days_employed_missing
✓ Created missing indicator: total_family_members_missing
✓ Created missing indicator: migrant_worker_missing
✓ Created missing indicator: yearly_debt_payments_missing
✓ Created missing indicator: credit_score_missing
✓ Filled categorical 'owns_car' with mode
✓ Filled categorical 'migrant_worker' with mode

Mengisi missing values pada fitur: ['no_of_children', 'no_of_days_employed', 'total_family_members', 'yearly_debt_payments', 'credit_score']
✓ KNN Imputer applied with n_neighbors=5
✓ Missing values handled with KNN Imputer

============================================================
OUTLIER HANDLING WITH WINSORIZATION
============================================================
  age: handled 0 outliers
  net_yearly_income: handled 912 outliers
  no_of_days_employed: handled 437 outliers
  total_family_members: handled 78 outliers
  yearly_debt_payments: handled 912 outliers
  credit_limit: handled 912 outliers
  credit_score: handled 872 outliers
  no_of_children: handled 82 outliers
  owns_car_missing: handled 0 outliers
  no_of_children_missing: handled 0 outliers
  no_of_days_employed_missing: handled 0 outliers
  total_family_members_missing: handled 83 outliers
  migrant_worker_missing: handled 87 outliers
  yearly_debt_payments_missing: handled 95 outliers
  credit_score_missing: handled 8 outliers

✓ Outlier handling completed
  Total outliers handled: 4478
============================================================
ENCODING CATEGORICAL VARIABLES
============================================================
✓ Encoded 'gender'
✓ Encoded 'owns_car'
✓ Encoded 'owns_house'
✓ Encoded 'occupation_type'
✓ Encoded 'migrant_worker'
============================================================
SEPARATE FEATURES
============================================================
✓ Features shape: (45528, 23)
✓ Target shape: (45528,)
============================================================
PREPARING CATEGORICAL FEATURES INFO FOR TABNET
============================================================
✓ Categorical 'gender' at index 1
✓ Categorical 'owns_car' at index 2
✓ Categorical 'owns_house' at index 3
✓ Categorical 'occupation_type' at index 7
✓ Categorical 'migrant_worker' at index 9
============================================================
SPLITTING DATA (80-10-10)
============================================================
✓ Training: (36422, 23) (80.0%)
✓ Validation: (4553, 23) (10.0%)
✓ Test: (4553, 23) (10.0%)

============================================================
SAVING TEST DATA BEFORE NORMALIZATION (RAW SPLIT)
============================================================
✓ Test data before normalization saved to 'tabnet_bayesian/test_data_before_normalization.csv'
  - Shape: (4553, 24)
  - Columns: ['age', 'gender', 'owns_car', 'owns_house', 'no_of_children', 'net_yearly_income', 'no_of_days_employed', 'occupation_type', 'total_family_members', 'migrant_worker', 'yearly_debt_payments', 'credit_limit', 'credit_limit_used(%)', 'credit_score', 'prev_defaults', 'default_in_last_6months', 'owns_car_missing', 'no_of_children_missing', 'no_of_days_employed_missing', 'total_family_members_missing', 'migrant_worker_missing', 'yearly_debt_payments_missing', 'credit_score_missing', 'actual_target']
✓ Train data before normalization saved to 'tabnet_bayesian/train_data_before_normalization.csv'
✓ Validation data before normalization saved to 'tabnet_bayesian/valid_data_before_normalization.csv'
============================================================
NORMALIZATION (HANYA PADA DATA TRAIN)
============================================================
✓ Normalized 15 continuous features using ONLY train data statistics
✓ Normalization completed (only on train data)

============================================================
SAVING NORMALIZATION PARAMETERS
============================================================
✓ Normalization parameters saved to 'tabnet_bayesian/normalization_parameters.csv'
                         feature   mean_train    std_train
0                            age      39.0018       9.5442
1                 no_of_children       0.4184       0.7067
2              net_yearly_income 195,254.4445  99,177.4263
3            no_of_days_employed  67,794.5619 138,966.2522
4           total_family_members       2.1562       0.9016
5           yearly_debt_payments  31,595.9439  16,154.1060
6                   credit_limit  42,396.4893  26,134.2812
7                   credit_score     782.7031     100.2218
8               owns_car_missing       0.0118       0.1079
9         no_of_children_missing       0.0167       0.1283
10   no_of_days_employed_missing       0.0100       0.0996
11  total_family_members_missing       0.0000       1.0000
12        migrant_worker_missing       0.0000       1.0000
13  yearly_debt_payments_missing       0.0000       1.0000
14          credit_score_missing       0.0000       1.0000

============================================================
SAVING TEST DATA AFTER NORMALIZATION
============================================================
✓ Test data after normalization saved to 'tabnet_bayesian/test_data_after_normalization.csv'
  - Shape: (4553, 24)
  - Columns: ['age', 'gender', 'owns_car', 'owns_house', 'no_of_children', 'net_yearly_income', 'no_of_days_employed', 'occupation_type', 'total_family_members', 'migrant_worker', 'yearly_debt_payments', 'credit_limit', 'credit_limit_used(%)', 'credit_score', 'prev_defaults', 'default_in_last_6months', 'owns_car_missing', 'no_of_children_missing', 'no_of_days_employed_missing', 'total_family_members_missing', 'migrant_worker_missing', 'yearly_debt_payments_missing', 'credit_score_missing', 'actual_target']
✓ Train data after normalization saved to 'tabnet_bayesian/train_data_after_normalization.csv'
✓ Validation data after normalization saved to 'tabnet_bayesian/valid_data_after_normalization.csv'

============================================================
SAVING ATTACHMENT FILES
============================================================
✓ Processed dataset (complete) saved to 'tabnet_bayesian/processed_dataset.csv'
✓ Data split summary saved to 'tabnet_bayesian/data_split_summary.csv'
============================================================
FINAL DATA PREPARATION
============================================================
✓ Data converted to numpy arrays

============================================================
OPTUNA HYPERPARAMETER TUNING (MULTIPLE TRIALS)
============================================================
✓ Using only training data for Optuna tuning: 36422 samples
✓ Validation data size: 4553 samples
✓ Test data is HIDDEN and not used in tuning
[I 2026-06-09 16:56:30,001] A new study created in memory with name: TabNet Optimization

Running Optuna optimization with 30 trials...
Each trial will train a TabNet model on training set and validate on validation set
------------------------------------------------------------
  0%|                                                                                                                                                 | 0/30 [00:00<?, ?it/s]
Early stopping occurred at epoch 29 with best_epoch = 19 and best_val_0_auc = 0.99308
[I 2026-06-09 17:03:08,247] Trial 0 finished with value: 0.9930839756801985 and parameters: {'n_da': 52, 'n_steps': 5, 'gamma': 1.226851453564203, 'n_independent': 3, 'n_shared': 4, 'momentum': 0.1750115194485398, 'lambda_sparse': 0.0008755734725056498, 'clip_value': 1.527244607877295, 'lr': 0.0009159332036121727, 'weight_decay': 6.084642077147055e-06, 'batch_size': 512, 'virtual_batch_size': 512, 'max_epochs': 35}. Best is trial 0 with value: 0.9930839756801985.
Best trial: 0. Best value: 0.993084:   3%|███▏                                                                                             | 1/30 [06:38<3:12:25, 398.12s/it]Stop training because you reached max_epochs = 45 with best_epoch = 40 and best_val_0_auc = 0.98472
[I 2026-06-09 17:10:26,597] Trial 1 finished with value: 0.9847196826278826 and parameters: {'n_da': 28, 'n_steps': 7, 'gamma': 1.531827587096866, 'n_independent': 4, 'n_shared': 5, 'momentum': 0.2925375766956478, 'lambda_sparse': 6.808799287054754e-05, 'clip_value': 1.5836650738553324, 'lr': 0.000442504638714582, 'weight_decay': 5.29148185520749e-06, 'batch_size': 1024, 'virtual_batch_size': 256, 'max_epochs': 45}. Best is trial 0 with value: 0.9930839756801985.
Best trial: 0. Best value: 0.993084:   7%|██████▍                                                                                          | 2/30 [13:56<3:16:49, 421.76s/it]Stop training because you reached max_epochs = 33 with best_epoch = 23 and best_val_0_auc = 0.99042
[I 2026-06-09 17:21:45,690] Trial 2 finished with value: 0.9904206860458354 and parameters: {'n_da': 40, 'n_steps': 5, 'gamma': 1.4263513069628082, 'n_independent': 5, 'n_shared': 5, 'momentum': 0.20571630359489126, 'lambda_sparse': 7.4448997719782e-05, 'clip_value': 0.6734275926189436, 'lr': 0.00043109299276821524, 'weight_decay': 6.755421067424914e-06, 'batch_size': 256, 'virtual_batch_size': 128, 'max_epochs': 33}. Best is trial 0 with value: 0.9930839756801985.
Best trial: 0. Best value: 0.993084:  10%|█████████▋                                                                                       | 3/30 [25:15<4:02:40, 539.27s/it]
Early stopping occurred at epoch 31 with best_epoch = 21 and best_val_0_auc = 0.98623
[I 2026-06-09 17:27:33,187] Trial 3 finished with value: 0.986226101789095 and parameters: {'n_da': 60, 'n_steps': 7, 'gamma': 1.5450680064664648, 'n_independent': 2, 'n_shared': 2, 'momentum': 0.17263866229963365, 'lambda_sparse': 0.00011063748563756826, 'clip_value': 1.8131852626927625, 'lr': 0.001049167127831951, 'weight_decay': 2.1808588898416348e-05, 'batch_size': 1024, 'virtual_batch_size': 128, 'max_epochs': 37}. Best is trial 0 with value: 0.9930839756801985.
Best trial: 0. Best value: 0.993084:  13%|████████████▉                                                                                    | 4/30 [31:03<3:20:52, 463.56s/it]
Early stopping occurred at epoch 32 with best_epoch = 22 and best_val_0_auc = 0.99234
[I 2026-06-09 17:40:07,209] Trial 4 finished with value: 0.9923435268881122 and parameters: {'n_da': 32, 'n_steps': 7, 'gamma': 1.095712516612387, 'n_independent': 5, 'n_shared': 4, 'momentum': 0.2921323796940824, 'lambda_sparse': 1.1178605247405061e-06, 'clip_value': 1.3916478191675639, 'lr': 0.0012988840529683243, 'weight_decay': 2.07931022057609e-06, 'batch_size': 512, 'virtual_batch_size': 128, 'max_epochs': 58}. Best is trial 0 with value: 0.9930839756801985.
Best trial: 0. Best value: 0.993084:  17%|████████████████▏                                                                                | 5/30 [43:37<3:56:47, 568.30s/it]
Early stopping occurred at epoch 33 with best_epoch = 23 and best_val_0_auc = 0.99366
[I 2026-06-09 17:54:38,581] Trial 5 finished with value: 0.9936570804608099 and parameters: {'n_da': 60, 'n_steps': 5, 'gamma': 1.0435914637990407, 'n_independent': 2, 'n_shared': 2, 'momentum': 0.28493394387603127, 'lambda_sparse': 0.0009684460811380895, 'clip_value': 1.0338722985761892, 'lr': 0.0033503920352608556, 'weight_decay': 1.5358677921079944e-05, 'batch_size': 256, 'virtual_batch_size': 512, 'max_epochs': 50}. Best is trial 5 with value: 0.9936570804608099.
Best trial: 5. Best value: 0.993657:  20%|███████████████████▍                                                                             | 6/30 [58:08<4:28:32, 671.34s/it]Stop training because you reached max_epochs = 30 with best_epoch = 25 and best_val_0_auc = 0.98986
[I 2026-06-09 18:00:50,850] Trial 6 finished with value: 0.989856626887466 and parameters: {'n_da': 28, 'n_steps': 4, 'gamma': 1.321980606468308, 'n_independent': 4, 'n_shared': 5, 'momentum': 0.22577036447071824, 'lambda_sparse': 0.00036589583217087207, 'clip_value': 1.0772567169136416, 'lr': 0.0004301062903831537, 'weight_decay': 5.111276217134532e-06, 'batch_size': 512, 'virtual_batch_size': 256, 'max_epochs': 30}. Best is trial 5 with value: 0.9936570804608099.
Best trial: 5. Best value: 0.993657:  23%|██████████████████████▏                                                                        | 7/30 [1:04:20<3:39:52, 573.57s/it]Stop training because you reached max_epochs = 32 with best_epoch = 28 and best_val_0_auc = 0.99224
[I 2026-06-09 18:16:19,721] Trial 7 finished with value: 0.9922407944640792 and parameters: {'n_da': 64, 'n_steps': 10, 'gamma': 1.2076358611963245, 'n_independent': 2, 'n_shared': 3, 'momentum': 0.3617454353376615, 'lambda_sparse': 0.0008930847112671619, 'clip_value': 0.8863130962311246, 'lr': 0.0013449869974396164, 'weight_decay': 4.110904314730578e-05, 'batch_size': 512, 'virtual_batch_size': 512, 'max_epochs': 32}. Best is trial 5 with value: 0.9936570804608099.
Best trial: 5. Best value: 0.993657:  27%|█████████████████████████▎                                                                     | 8/30 [1:19:49<4:11:46, 686.68s/it]Stop training because you reached max_epochs = 38 with best_epoch = 35 and best_val_0_auc = 0.9932
[I 2026-06-09 18:26:39,658] Trial 8 finished with value: 0.9932009226534687 and parameters: {'n_da': 40, 'n_steps': 4, 'gamma': 1.4506364905187348, 'n_independent': 3, 'n_shared': 1, 'momentum': 0.125775702437465, 'lambda_sparse': 0.0006063909630600336, 'clip_value': 1.353505597145293, 'lr': 0.0008219094901581803, 'weight_decay': 3.214045211274319e-05, 'batch_size': 256, 'virtual_batch_size': 128, 'max_epochs': 38}. Best is trial 5 with value: 0.9936570804608099.
Best trial: 5. Best value: 0.993657:  30%|████████████████████████████▌                                                                  | 9/30 [1:30:09<3:53:02, 665.82s/it]
Early stopping occurred at epoch 28 with best_epoch = 18 and best_val_0_auc = 0.99304
[I 2026-06-09 18:36:17,612] Trial 9 finished with value: 0.9930445626118588 and parameters: {'n_da': 36, 'n_steps': 8, 'gamma': 1.1113921716077158, 'n_independent': 4, 'n_shared': 5, 'momentum': 0.2815613946118085, 'lambda_sparse': 2.0940335232736606e-05, 'clip_value': 1.1573215765658371, 'lr': 0.003389941396985175, 'weight_decay': 1.3529570264331483e-05, 'batch_size': 1024, 'virtual_batch_size': 256, 'max_epochs': 47}. Best is trial 5 with value: 0.9936570804608099.
Best trial: 5. Best value: 0.993657:  33%|███████████████████████████████▎                                                              | 10/30 [1:39:47<3:32:53, 638.69s/it]
Early stopping occurred at epoch 29 with best_epoch = 19 and best_val_0_auc = 0.99348
[I 2026-06-09 18:45:38,221] Trial 10 finished with value: 0.9934768141318464 and parameters: {'n_da': 52, 'n_steps': 3, 'gamma': 1.895876365262173, 'n_independent': 1, 'n_shared': 1, 'momentum': 0.012516815945733478, 'lambda_sparse': 8.229199694417398e-06, 'clip_value': 0.7988835979438342, 'lr': 0.009388108773044959, 'weight_decay': 9.925885340310707e-05, 'batch_size': 256, 'virtual_batch_size': 512, 'max_epochs': 58}. Best is trial 5 with value: 0.9936570804608099.
Best trial: 5. Best value: 0.993657:  37%|██████████████████████████████████▍                                                           | 11/30 [1:49:08<3:14:41, 614.80s/it]
Early stopping occurred at epoch 19 with best_epoch = 9 and best_val_0_auc = 0.99397
[I 2026-06-09 18:50:19,368] Trial 11 finished with value: 0.9939743233551505 and parameters: {'n_da': 52, 'n_steps': 3, 'gamma': 1.8915630113429374, 'n_independent': 1, 'n_shared': 1, 'momentum': 0.024166695573298924, 'lambda_sparse': 7.038584491184765e-06, 'clip_value': 0.5042155892835627, 'lr': 0.008629234437643067, 'weight_decay': 7.750482028439519e-05, 'batch_size': 256, 'virtual_batch_size': 512, 'max_epochs': 60}. Best is trial 11 with value: 0.9939743233551505.
Best trial: 11. Best value: 0.993974:  40%|█████████████████████████████████████▏                                                       | 12/30 [1:53:49<2:33:59, 513.29s/it]
Early stopping occurred at epoch 51 with best_epoch = 41 and best_val_0_auc = 0.99408
[I 2026-06-09 19:10:57,069] Trial 12 finished with value: 0.9940835169379276 and parameters: {'n_da': 52, 'n_steps': 3, 'gamma': 1.9807496660237638, 'n_independent': 1, 'n_shared': 2, 'momentum': 0.02053183714294186, 'lambda_sparse': 3.712433428044765e-06, 'clip_value': 0.5170879188419232, 'lr': 0.009081080450602238, 'weight_decay': 7.730019356418429e-05, 'batch_size': 256, 'virtual_batch_size': 512, 'max_epochs': 52}. Best is trial 12 with value: 0.9940835169379276.
Best trial: 12. Best value: 0.994084:  43%|████████████████████████████████████████▎                                                    | 13/30 [2:14:26<3:27:36, 732.74s/it]Stop training because you reached max_epochs = 53 with best_epoch = 50 and best_val_0_auc = 0.98926
[I 2026-06-09 19:15:54,328] Trial 13 finished with value: 0.9892634925147475 and parameters: {'n_da': 48, 'n_steps': 3, 'gamma': 1.9306565684744836, 'n_independent': 1, 'n_shared': 2, 'momentum': 0.028586921250236985, 'lambda_sparse': 3.77079446313518e-06, 'clip_value': 0.5346985365098751, 'lr': 0.00010288216042649286, 'weight_decay': 8.854692000855781e-05, 'batch_size': 256, 'virtual_batch_size': 512, 'max_epochs': 53}. Best is trial 12 with value: 0.9940835169379276.
Best trial: 12. Best value: 0.994084:  47%|███████████████████████████████████████████▍                                                 | 14/30 [2:19:24<2:40:19, 601.20s/it]
Early stopping occurred at epoch 25 with best_epoch = 15 and best_val_0_auc = 0.99368
[I 2026-06-09 19:20:10,646] Trial 14 finished with value: 0.9936819559219752 and parameters: {'n_da': 52, 'n_steps': 3, 'gamma': 1.7505432286375397, 'n_independent': 1, 'n_shared': 1, 'momentum': 0.09054521009370607, 'lambda_sparse': 3.1212052170218806e-06, 'clip_value': 0.5126612722532582, 'lr': 0.008814685227420654, 'weight_decay': 5.2301212281269785e-05, 'batch_size': 256, 'virtual_batch_size': 512, 'max_epochs': 60}. Best is trial 12 with value: 0.9940835169379276.
Best trial: 12. Best value: 0.994084:  50%|██████████████████████████████████████████████▌                                              | 15/30 [2:23:40<2:04:18, 497.24s/it]
Early stopping occurred at epoch 22 with best_epoch = 12 and best_val_0_auc = 0.99369
[I 2026-06-09 19:23:52,084] Trial 15 finished with value: 0.9936851865013471 and parameters: {'n_da': 44, 'n_steps': 4, 'gamma': 1.71483840773809, 'n_independent': 1, 'n_shared': 2, 'momentum': 0.07877609446682317, 'lambda_sparse': 1.2316286845474796e-05, 'clip_value': 0.7472049124099824, 'lr': 0.004710539809564169, 'weight_decay': 4.848142908638633e-05, 'batch_size': 256, 'virtual_batch_size': 512, 'max_epochs': 54}. Best is trial 12 with value: 0.9940835169379276.
Best trial: 12. Best value: 0.994084:  53%|█████████████████████████████████████████████████▌                                           | 16/30 [2:27:21<1:36:39, 414.23s/it]Stop training because you reached max_epochs = 42 with best_epoch = 38 and best_val_0_auc = 0.99392
